<?xml version="1.0" encoding="UTF-8"?>
<!-- Generated by org.testng.reporters.JUnitReportReporter -->
<testsuite hostname="DESKTOP-EE01M22" failures="0" tests="1" name="unitech.unitechConsulting.testCases.HomePage_TC_001" time="0.928" errors="0" timestamp="17 Jun 2023 16:07:20 GMT">
  <testcase classname="unitech.unitechConsulting.testCases.HomePage_TC_001" name="TC_001_ClickHeaderHomeButton" time="0.928"/>
</testsuite> <!-- unitech.unitechConsulting.testCases.HomePage_TC_001 -->
